c:\users\pc\desktop\jogotecprog\jogo\jogo\debug\vc142.pdb
c:\users\pc\desktop\jogotecprog\jogo\jogo\debug\vc142.idb
c:\users\pc\desktop\jogotecprog\jogo\jogo\debug\listainimigos.obj
c:\users\pc\desktop\jogotecprog\jogo\jogo\debug\listaentidades.obj
c:\users\pc\desktop\jogotecprog\jogo\jogo\debug\lista.obj
c:\users\pc\desktop\jogotecprog\jogo\jogo\debug\jogo.obj
c:\users\pc\desktop\jogotecprog\jogo\jogo\debug\jogador.obj
c:\users\pc\desktop\jogotecprog\jogo\jogo\debug\inimigo.obj
c:\users\pc\desktop\jogotecprog\jogo\jogo\debug\fase3.obj
c:\users\pc\desktop\jogotecprog\jogo\jogo\debug\fase2.obj
c:\users\pc\desktop\jogotecprog\jogo\jogo\debug\fase1.obj
c:\users\pc\desktop\jogotecprog\jogo\jogo\debug\fantasma.obj
c:\users\pc\desktop\jogotecprog\jogo\jogo\debug\estadomenufase.obj
c:\users\pc\desktop\jogotecprog\jogo\jogo\debug\estadomainmenu.obj
c:\users\pc\desktop\jogotecprog\jogo\jogo\debug\estadofase.obj
c:\users\pc\desktop\jogotecprog\jogo\jogo\debug\estado.obj
c:\users\pc\desktop\jogotecprog\jogo\jogo\debug\entidade.obj
c:\users\pc\desktop\jogotecprog\jogo\jogo\debug\colisor.obj
c:\users\pc\desktop\jogotecprog\jogo\jogo\debug\caixa.obj
c:\users\pc\desktop\jogotecprog\jogo\jogo\debug\botao.obj
c:\users\pc\desktop\jogotecprog\jogo\jogo\debug\barradevida.obj
c:\users\pc\desktop\jogotecprog\jogo\jogo\debug\animador.obj
c:\users\pc\desktop\jogotecprog\jogo\jogo\debug\trevor.obj
c:\users\pc\desktop\jogotecprog\jogo\jogo\debug\robo.obj
c:\users\pc\desktop\jogotecprog\jogo\jogo\debug\plataforma.obj
c:\users\pc\desktop\jogotecprog\jogo\jogo\debug\personagem.obj
c:\users\pc\desktop\jogotecprog\jogo\jogo\debug\obstaculo.obj
c:\users\pc\desktop\jogotecprog\jogo\jogo\debug\menudepausa.obj
c:\users\pc\desktop\jogotecprog\jogo\jogo\debug\main.obj
c:\users\pc\desktop\jogotecprog\jogo\jogo\debug\listaplataformas.obj
c:\users\pc\desktop\jogotecprog\jogo\jogo\debug\listaobstaculos.obj
c:\users\pc\desktop\jogotecprog\jogo\debug\jogo.exe
c:\users\pc\desktop\jogotecprog\jogo\debug\jogo.ilk
c:\users\pc\desktop\jogotecprog\jogo\debug\jogo.pdb
c:\users\pc\desktop\jogotecprog\jogo\jogo\debug\jogo.tlog\cl.command.1.tlog
c:\users\pc\desktop\jogotecprog\jogo\jogo\debug\jogo.tlog\cl.read.1.tlog
c:\users\pc\desktop\jogotecprog\jogo\jogo\debug\jogo.tlog\cl.write.1.tlog
c:\users\pc\desktop\jogotecprog\jogo\jogo\debug\jogo.tlog\link.command.1.tlog
c:\users\pc\desktop\jogotecprog\jogo\jogo\debug\jogo.tlog\link.read.1.tlog
c:\users\pc\desktop\jogotecprog\jogo\jogo\debug\jogo.tlog\link.write.1.tlog
